<?xml version="1.0" encoding="UTF-8"?>
<!-- Generated by org.testng.reporters.JUnitReportReporter -->
<testsuite hostname="JWN7GG3" failures="0" tests="1" name="Tests.Assert_implmentation" time="5.019" errors="0" timestamp="2025-04-02T12:27:20 IST" skipped="0">
  <testcase classname="Tests.Assert_implmentation" name="testFunctionality" time="5.019"/>
</testsuite> <!-- Tests.Assert_implmentation -->
