<?xml version="1.0" encoding="UTF-8"?>
<!-- Generated by org.testng.reporters.JUnitReportReporter -->
<testsuite hostname="JWN7GG3" failures="0" tests="1" name="Prerequisites.url" time="0.752" errors="0" timestamp="2025-03-20T13:15:58 IST" skipped="0">
  <testcase classname="Prerequisites.url" name="f" time="0.752"/>
</testsuite> <!-- Prerequisites.url -->
