<?xml version="1.0" encoding="UTF-8"?>
<!-- Generated by org.testng.reporters.JUnitReportReporter -->
<testsuite hostname="JWN7GG3" failures="0" tests="1" name="Tests.Time_btn" time="2.815" errors="0" timestamp="2025-04-02T12:12:20 IST" skipped="0">
  <testcase classname="Tests.Time_btn" name="f" time="2.815"/>
</testsuite> <!-- Tests.Time_btn -->
