<?xml version="1.0" encoding="UTF-8"?>
<!-- Generated by org.testng.reporters.JUnitReportReporter -->
<testsuite hostname="JWN7GG3" failures="0" tests="1" name="Tests.Dropdown" time="3.587" errors="0" timestamp="2025-04-02T12:19:29 IST" skipped="0">
  <testcase classname="Tests.Dropdown" name="f" time="3.587"/>
</testsuite> <!-- Tests.Dropdown -->
