<?xml version="1.0" encoding="UTF-8"?>
<!-- Generated by org.testng.reporters.JUnitReportReporter -->
<testsuite hostname="JWN7GG3" failures="0" tests="2" name="Multiple_suite_execution.Dropdown" time="8.197" errors="0" timestamp="2025-04-02T17:21:20 IST" skipped="0">
  <testcase classname="Multiple_suite_execution.Dropdown" name="f" time="3.556"/>
  <testcase classname="Multiple_suite_execution.Dropdown" name="f" time="4.641"/>
</testsuite> <!-- Multiple_suite_execution.Dropdown -->
