<?xml version="1.0" encoding="UTF-8"?>
<!-- Generated by org.testng.reporters.JUnitReportReporter -->
<testsuite hostname="JWN7GG3" failures="0" tests="2" name="Multiple_suite_execution.Login_logout" time="5.889" errors="0" timestamp="2025-04-02T17:22:21 IST" skipped="0">
  <testcase classname="Multiple_suite_execution.Login_logout" name="f1" time="2.116"/>
  <testcase classname="Multiple_suite_execution.Login_logout" name="f2" time="3.773"/>
</testsuite> <!-- Multiple_suite_execution.Login_logout -->
