<?xml version="1.0" encoding="UTF-8"?>
<!-- Generated by org.testng.reporters.JUnitReportReporter -->
<testsuite hostname="JWN7GG3" failures="0" tests="1" name="Multiple_suite_execution.Time_btn" time="2.283" errors="0" timestamp="2025-04-02T17:21:20 IST" skipped="0">
  <testcase classname="Multiple_suite_execution.Time_btn" name="f" time="2.283"/>
</testsuite> <!-- Multiple_suite_execution.Time_btn -->
